<?xml version="1.0" encoding="UTF-8" ?>
<testsuite tests="1" failures="0" name="com.mycompany.app.AppTest" time="0.002" errors="0" skipped="0">
  <properties>
    <property name="java.vendor" value="IBM Corporation"/>
    <property name="sun.java.launcher" value="SUN_STANDARD"/>
    <property name="os.name" value="Windows 10"/>
    <property name="sun.boot.class.path" value="C:\Program Files\Java\jdk1.8.0_231\jre\bin\compressedrefs\jclSC180\vm.jar;C:\Program Files\Java\jdk1.8.0_231\jre\lib\se-service.jar;C:\Program Files\Java\jdk1.8.0_231\jre\lib\math.jar;C:\Program Files\Java\jdk1.8.0_231\jre\lib\ibmorb.jar;C:\Program Files\Java\jdk1.8.0_231\jre\lib\ibmorbapi.jar;C:\Program Files\Java\jdk1.8.0_231\jre\lib\ibmcfw.jar;C:\Program Files\Java\jdk1.8.0_231\jre\lib\ibmpkcs.jar;C:\Program Files\Java\jdk1.8.0_231\jre\lib\ibmcertpathfw.jar;C:\Program Files\Java\jdk1.8.0_231\jre\lib\ibmjgssfw.jar;C:\Program Files\Java\jdk1.8.0_231\jre\lib\ibmjssefw.jar;C:\Program Files\Java\jdk1.8.0_231\jre\lib\ibmsaslfw.jar;C:\Program Files\Java\jdk1.8.0_231\jre\lib\ibmjcefw.jar;C:\Program Files\Java\jdk1.8.0_231\jre\lib\ibmjgssprovider.jar;C:\Program Files\Java\jdk1.8.0_231\jre\lib\ibmjsseprovider2.jar;C:\Program Files\Java\jdk1.8.0_231\jre\lib\ibmcertpathprovider.jar;C:\Program Files\Java\jdk1.8.0_231\jre\lib\xmldsigfw.jar;C:\Program Files\Java\jdk1.8.0_231\jre\lib\xml.jar;C:\Program Files\Java\jdk1.8.0_231\jre\lib\charsets.jar;C:\Program Files\Java\jdk1.8.0_231\jre\lib\resources.jar;C:\Program Files\Java\jdk1.8.0_231\jre\lib\rt.jar;C:\Program Files\Java\jdk1.8.0_231\jre\lib\dataaccess.jar"/>
    <property name="sun.desktop" value="windows"/>
    <property name="java.vm.specification.vendor" value="Oracle Corporation"/>
    <property name="java.runtime.version" value="8.0.6.30 - pwa6480sr6fp30-20210507_01(SR6 FP30)"/>
    <property name="user.name" value="508865756"/>
    <property name="java.compiler" value="j9jit29"/>
    <property name="os.encoding" value="UTF8"/>
    <property name="guice.disable.misplaced.annotation.check" value="true"/>
    <property name="com.ibm.util.extralibs.properties" value=""/>
    <property name="com.ibm.jcl.checkClassPath" value=""/>
    <property name="user.language" value="en"/>
    <property name="com.ibm.oti.vm.bootstrap.library.path" value="C:\Program Files\Java\jdk1.8.0_231\jre\bin\compressedrefs;C:\Program Files\Java\jdk1.8.0_231\jre\bin"/>
    <property name="idea.version" value="2021.3.2"/>
    <property name="sun.boot.library.path" value="C:\Program Files\Java\jdk1.8.0_231\jre\bin\compressedrefs;C:\Program Files\Java\jdk1.8.0_231\jre\bin"/>
    <property name="classworlds.conf" value="C:\Program Files\JetBrains\IntelliJ IDEA Community Edition 2021.3.1\plugins\maven\lib\maven3\bin\m2.conf"/>
    <property name="java.version" value="1.8.0_291"/>
    <property name="user.timezone" value="Asia/Jerusalem"/>
    <property name="com.ibm.system.agent.path" value="C:\Program Files\Java\jdk1.8.0_231\jre\bin"/>
    <property name="sun.arch.data.model" value="64"/>
    <property name="com.ibm.zero.version" value="2"/>
    <property name="java.endorsed.dirs" value="C:\Program Files\Java\jdk1.8.0_231\jre\lib\endorsed"/>
    <property name="com.ibm.oti.vm.library.version" value="29"/>
    <property name="sun.jnu.encoding" value="Cp1252"/>
    <property name="file.encoding.pkg" value="sun.io"/>
    <property name="file.separator" value="\"/>
    <property name="java.specification.name" value="Java Platform API Specification"/>
    <property name="maven.conf" value="C:\Program Files\JetBrains\IntelliJ IDEA Community Edition 2021.3.1\plugins\maven\lib\maven3/conf"/>
    <property name="java.class.version" value="52.0"/>
    <property name="user.country" value="US"/>
    <property name="java.home" value="C:\Program Files\Java\jdk1.8.0_231\jre"/>
    <property name="java.vm.info" value="JRE 1.8.0 Windows 10 amd64-64-Bit Compressed References 20210415_469669 (JIT enabled, AOT enabled)
OpenJ9   - c2bc063
OMR      - fa000e8
IBM      - 8165371"/>
    <property name="os.version" value="10.0"/>
    <property name="java.awt.fonts" value=""/>
    <property name="path.separator" value=";"/>
    <property name="java.vm.version" value="2.9"/>
    <property name="user.variant" value=""/>
    <property name="console.encoding" value="Cp437"/>
    <property name="maven.ext.class.path" value="C:\Program Files\JetBrains\IntelliJ IDEA Community Edition 2021.3.1\plugins\maven\lib\maven-event-listener.jar"/>
    <property name="java.awt.printerjob" value="sun.awt.windows.WPrinterJob"/>
    <property name="sun.io.unicode.encoding" value="UnicodeLittle"/>
    <property name="awt.toolkit" value="sun.awt.windows.WToolkit"/>
    <property name="java.lang.stringBuffer.growAggressively" value="false"/>
    <property name="ibm.signalhandling.sigint" value="true"/>
    <property name="user.home" value="C:\Users\508865756"/>
    <property name="com.ibm.cpu.endian" value="little"/>
    <property name="java.specification.vendor" value="Oracle Corporation"/>
    <property name="ibm.signalhandling.sigchain" value="true"/>
    <property name="java.library.path" value="C:\Program Files\Java\jdk1.8.0_231\jre\bin\compressedrefs;C:\Program Files\Java\jdk1.8.0_231\jre\bin;C:\Windows\system32;C:\Windows;C:\Program Files\Dyadic\ekm-client\bin;C:\Program Files\Common Files\Oracle\Java\javapath;C:\Windows\system32;C:\Windows;C:\Windows\System32\Wbem;C:\Windows\System32\WindowsPowerShell\v1.0\;C:\Windows\System32\OpenSSH\;C:\Program Files\Intel\WiFi\bin\;C:\Program Files\Common Files\Intel\WirelessCommon\;C:\Program Files\Docker\Docker\resources\bin;C:\ProgramData\DockerDesktop\version-bin;C:\Program Files\Git LFS;C:\Users\508865756\AppData\Local\Programs\Python\Python310;C:\Program Files\apache-ant-1.10.10\bin;C:\Program Files\Git\cmd;C:\Program Files\Dyadic\ekm-client\bin;C:\Program Files\PuTTY\;C:\Program Files (x86)\Microsoft SQL Server\150\DTS\Binn\;C:\Program Files\Azure Data Studio\bin;C:\Program Files\TortoiseGit\bin;C:\Users\508865756\AppData\Local\Microsoft\WindowsApps;;C:\Program Files\Azure Data Studio\bin;."/>
    <property name="java.vendor.url" value="http://www.ibm.com"/>
    <property name="java.vm.vendor" value="IBM Corporation"/>
    <property name="java.fullversion" value="8.0.6.30 - pwa6480sr6fp30-20210507_01(SR6 FP30)
JRE 1.8.0 Windows 10 amd64-64-Bit Compressed References 20210415_469669 (JIT enabled, AOT enabled)
OpenJ9   - c2bc063
OMR      - fa000e8
IBM      - 8165371"/>
    <property name="maven.home" value="C:\Program Files\JetBrains\IntelliJ IDEA Community Edition 2021.3.1\plugins\maven\lib\maven3"/>
    <property name="java.runtime.name" value="Java(TM) SE Runtime Environment"/>
    <property name="sun.java.command" value="org.codehaus.classworlds.Launcher -Didea.version=2021.3.2 package"/>
    <property name="java.class.path" value="C:\Program Files\JetBrains\IntelliJ IDEA Community Edition 2021.3.1\plugins\maven\lib\maven3\boot\plexus-classworlds-2.6.0.jar;C:\Program Files\JetBrains\IntelliJ IDEA Community Edition 2021.3.1\plugins\maven\lib\maven3\boot\plexus-classworlds.license;C:\Program Files\JetBrains\IntelliJ IDEA Community Edition 2021.3.1\lib\idea_rt.jar;C:\Program Files\JetBrains\IntelliJ IDEA Community Edition 2021.3.1\lib\idea_rt.jar"/>
    <property name="java.vm.specification.name" value="Java Virtual Machine Specification"/>
    <property name="java.vm.specification.version" value="1.8"/>
    <property name="sun.cpu.endian" value="little"/>
    <property name="java.io.tmpdir" value="C:\Users\508865~1\AppData\Local\Temp\"/>
    <property name="maven.multiModuleProjectDirectory" value="C:\private_data\Azure_raf\maven-hello-world\my-app"/>
    <property name="ibm.system.encoding" value="Cp1252"/>
    <property name="os.arch" value="amd64"/>
    <property name="java.awt.graphicsenv" value="sun.awt.Win32GraphicsEnvironment"/>
    <property name="ibm.signalhandling.rs" value="false"/>
    <property name="java.ext.dirs" value="C:\Program Files\Java\jdk1.8.0_231\jre\lib\ext"/>
    <property name="user.dir" value="C:\private_data\Azure_raf\maven-hello-world\my-app"/>
    <property name="line.separator" value="
"/>
    <property name="java.vm.name" value="IBM J9 VM"/>
    <property name="com.ibm.oti.shared.enabled" value="false"/>
    <property name="com.ibm.vm.bitmode" value="64"/>
    <property name="file.encoding" value="UTF-8"/>
    <property name="com.ibm.oti.configuration" value="scar"/>
    <property name="java.specification.version" value="1.8"/>
  </properties>
  <testcase classname="com.mycompany.app.AppTest" name="testApp" time="0.002"/>
</testsuite>